2020-Apr-14 15:29:59 Наличие необходимых модулей php (check_php_modules): Ok
Все необходимые модули установлены
2020-Apr-14 15:29:59 Обязательные параметры PHP (check_php_settings): Ok
Настройки правильные
2020-Apr-14 15:29:59 Модули веб-сервера (check_security): Ok
Конфликтов не выявлено
2020-Apr-14 15:29:59 Значения переменных сервера (check_server_vars): Ok
Корректные
2020-Apr-14 15:29:59 Сохранение сессии (check_session): Ok
50% done
2020-Apr-14 15:30:00 Сохранение сессии (check_session): Ok
Успешно
2020-Apr-14 15:30:00 Параметры настройки UTF (mbstring и константа BX_UTF) (check_mbstring): Fail
Ошибка! Строковая функция strlen работает некорректно.
2020-Apr-14 15:30:00 Служебные скрипты в корне сайта (check_install_scripts): Ok
Отсутствуют
2020-Apr-14 15:30:00 Работа с сокетами (check_socket): Fail
Connection to 127.0.0.1:80	Fail
Socket error [111]: Connection refused

Ошибка! Не работает
2020-Apr-14 15:30:00 Выполнение агентов на cron (check_bx_crontab): Warning
Замечание. Агенты выполняются на хитах, рекомендуется перевести выполнение агентов на cron
2020-Apr-14 15:30:00 Параметры подключения к базе данных (check_dbconn_settings): Ok
Успешно
2020-Apr-14 15:30:00 Лишний вывод в файлах конфигурации (check_dbconn): Warning
Замечание. Не удалось проверить из-за ошибки в работе с сокетами
2020-Apr-14 15:30:00 Сохранение сессии без UserAgent (check_session_ua): Warning
Замечание. Не удалось проверить из-за ошибки в работе с сокетами
2020-Apr-14 15:30:00 Настройки сайтов (check_sites): Ok
Правильные
2020-Apr-14 15:30:00 Передача объектов по ссылке (check_clone): Ok
Успешно
2020-Apr-14 15:30:00 Размер стека и pcre.recursion_limit (check_pcre_recursion): Warning
Замечание. Не удалось проверить из-за ошибки в работе с сокетами
2020-Apr-14 15:30:00 Загрузка файла (check_upload): Warning
Замечание. Не удалось проверить из-за ошибки в работе с сокетами
2020-Apr-14 15:30:00 Загрузка файла больше 4Мб (check_upload_big): Warning
Замечание. Не удалось проверить из-за ошибки в работе с сокетами
2020-Apr-14 15:30:00 Загрузка файла через php://input (check_upload_raw): Warning
Замечание. Не удалось проверить из-за ошибки в работе с сокетами
2020-Apr-14 15:30:00 Передача POST запроса с большим числом параметров (check_post): Warning
Замечание. Не удалось проверить из-за ошибки в работе с сокетами
2020-Apr-14 15:30:00 Отправка почты (check_mail): Fail
Ошибка! Не работает
2020-Apr-14 15:30:00 Отправка почтового сообщения больше 64Кб (check_mail_big): Fail
Ошибка! Не работает
2020-Apr-14 15:30:00 Проверка на наличие неотправленных сообщений (check_mail_b_event): Ok
Успешно
2020-Apr-14 15:30:00 Внутреннее перенаправление (функция LocalRedirect) (check_localredirect): Warning
Замечание. Не удалось проверить из-за ошибки в работе с сокетами
2020-Apr-14 15:30:00 Фактическое ограничение памяти (check_memory_limit): Warning
Замечание. Не удалось проверить из-за ошибки в работе с сокетами
2020-Apr-14 15:30:00 Работа с файлами кеша (check_cache): Ok
Успешно
2020-Apr-14 15:30:02 Доступ к серверу обновлений (check_update): Ok
Успешно
2020-Apr-14 15:30:02 HTTP авторизация (check_http_auth): Warning
Замечание. Не удалось проверить из-за ошибки в работе с сокетами
2020-Apr-14 15:30:02 Создание и запуск файла (check_exec): Warning
Замечание. Не удалось проверить из-за ошибки в работе с сокетами
2020-Apr-14 15:30:02 Функция getimagesize для swf (check_getimagesize): Ok
Успешно
2020-Apr-14 15:30:02 Версия MySQL-сервера (check_mysql_bug_version): Ok
Успешно
2020-Apr-14 15:30:03 Время на БД и веб-сервере (check_mysql_time): Ok
Успешно
